2019-08-15 00:49:18,115 ERROR 15796 [-/127.0.0.1/-/5ms POST /user/upload] nodejs.TypeError: Cannot read property '0' of undefined
    at UserController.imgFn (D:\nodeSenior\lian\egg-img\server\app\controller\user.js:5:39)
    at Object.callFn (D:\nodeSenior\lian\egg-img\server\node_modules\egg-core\lib\utils\index.js:44:21)
    at Object.classControllerMiddleware (D:\nodeSenior\lian\egg-img\server\node_modules\egg-core\lib\loader\mixin\controller.js:87:20)
    at Object.callFn (D:\nodeSenior\lian\egg-img\server\node_modules\@eggjs\router\lib\utils.js:12:21)
    at wrappedController (D:\nodeSenior\lian\egg-img\server\node_modules\@eggjs\router\lib\egg_router.js:322:18)
    at dispatch (D:\nodeSenior\lian\egg-img\server\node_modules\koa-compose\index.js:44:32)
    at next (D:\nodeSenior\lian\egg-img\server\node_modules\koa-compose\index.js:45:18)
    at D:\nodeSenior\lian\egg-img\server\node_modules\@eggjs\router\lib\router.js:190:18
    at dispatch (D:\nodeSenior\lian\egg-img\server\node_modules\koa-compose\index.js:44:32)
    at D:\nodeSenior\lian\egg-img\server\node_modules\koa-compose\index.js:36:12

pid: 15796
hostname: LAPTOP-6F0LUR3I

2019-08-15 00:49:47,611 ERROR 20156 [-/127.0.0.1/-/41ms POST /user/upload] nodejs.TypeError: Cannot read property '0' of undefined
    at UserController.imgFn (D:\nodeSenior\lian\egg-img\server\app\controller\user.js:5:40)
    at Object.callFn (D:\nodeSenior\lian\egg-img\server\node_modules\egg-core\lib\utils\index.js:44:21)
    at Object.classControllerMiddleware (D:\nodeSenior\lian\egg-img\server\node_modules\egg-core\lib\loader\mixin\controller.js:87:20)
    at Object.callFn (D:\nodeSenior\lian\egg-img\server\node_modules\@eggjs\router\lib\utils.js:12:21)
    at wrappedController (D:\nodeSenior\lian\egg-img\server\node_modules\@eggjs\router\lib\egg_router.js:322:18)
    at dispatch (D:\nodeSenior\lian\egg-img\server\node_modules\koa-compose\index.js:44:32)
    at next (D:\nodeSenior\lian\egg-img\server\node_modules\koa-compose\index.js:45:18)
    at D:\nodeSenior\lian\egg-img\server\node_modules\@eggjs\router\lib\router.js:190:18
    at dispatch (D:\nodeSenior\lian\egg-img\server\node_modules\koa-compose\index.js:44:32)
    at D:\nodeSenior\lian\egg-img\server\node_modules\koa-compose\index.js:36:12

pid: 20156
hostname: LAPTOP-6F0LUR3I

2019-08-15 00:50:19,504 ERROR 18516 [-/127.0.0.1/-/34ms POST /user/upload] nodejs.TypeError: Cannot read property '0' of undefined
    at UserController.imgFn (D:\nodeSenior\lian\egg-img\server\app\controller\user.js:5:40)
    at Object.callFn (D:\nodeSenior\lian\egg-img\server\node_modules\egg-core\lib\utils\index.js:44:21)
    at Object.classControllerMiddleware (D:\nodeSenior\lian\egg-img\server\node_modules\egg-core\lib\loader\mixin\controller.js:87:20)
    at Object.callFn (D:\nodeSenior\lian\egg-img\server\node_modules\@eggjs\router\lib\utils.js:12:21)
    at wrappedController (D:\nodeSenior\lian\egg-img\server\node_modules\@eggjs\router\lib\egg_router.js:322:18)
    at dispatch (D:\nodeSenior\lian\egg-img\server\node_modules\koa-compose\index.js:44:32)
    at next (D:\nodeSenior\lian\egg-img\server\node_modules\koa-compose\index.js:45:18)
    at D:\nodeSenior\lian\egg-img\server\node_modules\@eggjs\router\lib\router.js:190:18
    at dispatch (D:\nodeSenior\lian\egg-img\server\node_modules\koa-compose\index.js:44:32)
    at D:\nodeSenior\lian\egg-img\server\node_modules\koa-compose\index.js:36:12

pid: 18516
hostname: LAPTOP-6F0LUR3I

2019-08-15 15:32:56,936 ERROR 214068 [-/127.0.0.1/-/32ms POST /user/imgFn] nodejs.TypeError: Cannot read property '0' of undefined
    at UserController.imgFn (D:\nodeSenior\lian\egg-img\server\app\controller\user.js:10:39)
    at Object.callFn (D:\nodeSenior\lian\egg-img\server\node_modules\egg-core\lib\utils\index.js:44:21)
    at Object.classControllerMiddleware (D:\nodeSenior\lian\egg-img\server\node_modules\egg-core\lib\loader\mixin\controller.js:87:20)
    at Object.callFn (D:\nodeSenior\lian\egg-img\server\node_modules\@eggjs\router\lib\utils.js:12:21)
    at wrappedController (D:\nodeSenior\lian\egg-img\server\node_modules\@eggjs\router\lib\egg_router.js:322:18)
    at dispatch (D:\nodeSenior\lian\egg-img\server\node_modules\koa-compose\index.js:44:32)
    at next (D:\nodeSenior\lian\egg-img\server\node_modules\koa-compose\index.js:45:18)
    at D:\nodeSenior\lian\egg-img\server\node_modules\@eggjs\router\lib\router.js:190:18
    at dispatch (D:\nodeSenior\lian\egg-img\server\node_modules\koa-compose\index.js:44:32)
    at D:\nodeSenior\lian\egg-img\server\node_modules\koa-compose\index.js:36:12

pid: 214068
hostname: LAPTOP-6F0LUR3I

2019-08-15 15:33:20,435 ERROR 214068 [-/127.0.0.1/-/37ms POST /user/imgFn] nodejs.TypeError [ERR_INVALID_ARG_VALUE]: The argument 'path' must be a string or Uint8Array without null bytes. Received <Buffer ff d8 ff e0 00 10 4a 46 49 46 00 01 01 01 00 48 00 48 00 00 ff e1 00 22 45 78 69 66 00 00 4d 4d 00 2a 00 00 00 08 00 01 ...
    at Object.openSync (fs.js:435:3)
    at Object.writeFileSync (fs.js:1194:35)
    at saveater (D:\nodeSenior\lian\egg-img\server\app\controller\user.js:6:6)
    at UserController.imgFn (D:\nodeSenior\lian\egg-img\server\app\controller\user.js:14:5)
    at Object.callFn (D:\nodeSenior\lian\egg-img\server\node_modules\egg-core\lib\utils\index.js:44:21)
    at Object.classControllerMiddleware (D:\nodeSenior\lian\egg-img\server\node_modules\egg-core\lib\loader\mixin\controller.js:87:20)
    at Object.callFn (D:\nodeSenior\lian\egg-img\server\node_modules\@eggjs\router\lib\utils.js:12:21)
    at wrappedController (D:\nodeSenior\lian\egg-img\server\node_modules\@eggjs\router\lib\egg_router.js:322:18)
    at dispatch (D:\nodeSenior\lian\egg-img\server\node_modules\koa-compose\index.js:44:32)
    at next (D:\nodeSenior\lian\egg-img\server\node_modules\koa-compose\index.js:45:18)

pid: 214068
hostname: LAPTOP-6F0LUR3I

2019-08-15 15:34:36,985 ERROR 208604 nodejs.unhandledExceptionError: read ECONNRESET
    at TCP.onStreamRead (internal/stream_base_commons.js:111:27)
errno: "ECONNRESET"
code: "ECONNRESET"
syscall: "read"
name: "unhandledExceptionError"
pid: 208604
hostname: LAPTOP-6F0LUR3I

2019-08-15 15:34:38,291 ERROR 208604 nodejs.unhandledExceptionError: read ECONNRESET
    at TCP.onStreamRead (internal/stream_base_commons.js:111:27)
errno: "ECONNRESET"
code: "ECONNRESET"
syscall: "read"
name: "unhandledExceptionError"
pid: 208604
hostname: LAPTOP-6F0LUR3I

2019-08-15 15:35:32,105 ERROR 218568 [-/127.0.0.1/-/53ms POST /user/imgFn] nodejs.TypeError [ERR_INVALID_ARG_VALUE]: The argument 'path' must be a string or Uint8Array without null bytes. Received <Buffer ff d8 ff e0 00 10 4a 46 49 46 00 01 01 01 00 48 00 48 00 00 ff e1 00 22 45 78 69 66 00 00 4d 4d 00 2a 00 00 00 08 00 01 ...
    at Object.openSync (fs.js:435:3)
    at Object.writeFileSync (fs.js:1194:35)
    at saveater (D:\nodeSenior\lian\egg-img\server\app\controller\user.js:6:6)
    at UserController.imgFn (D:\nodeSenior\lian\egg-img\server\app\controller\user.js:15:5)
    at Object.callFn (D:\nodeSenior\lian\egg-img\server\node_modules\egg-core\lib\utils\index.js:44:21)
    at Object.classControllerMiddleware (D:\nodeSenior\lian\egg-img\server\node_modules\egg-core\lib\loader\mixin\controller.js:87:20)
    at Object.callFn (D:\nodeSenior\lian\egg-img\server\node_modules\@eggjs\router\lib\utils.js:12:21)
    at wrappedController (D:\nodeSenior\lian\egg-img\server\node_modules\@eggjs\router\lib\egg_router.js:322:18)
    at dispatch (D:\nodeSenior\lian\egg-img\server\node_modules\koa-compose\index.js:44:32)
    at next (D:\nodeSenior\lian\egg-img\server\node_modules\koa-compose\index.js:45:18)

pid: 218568
hostname: LAPTOP-6F0LUR3I

2019-08-15 15:39:37,541 ERROR 222472 [-/127.0.0.1/-/32ms POST /user/imgFn] nodejs.ENOENTError: ENOENT: no such file or directory, open 'D:\nodeSenior\lian\egg-img\server\app\public\avater\7.jpg'
    at Object.openSync (fs.js:443:3)
    at Object.writeFileSync (fs.js:1194:35)
    at saveater (D:\nodeSenior\lian\egg-img\server\app\controller\user.js:6:6)
    at UserController.imgFn (D:\nodeSenior\lian\egg-img\server\app\controller\user.js:19:5)
    at Object.callFn (D:\nodeSenior\lian\egg-img\server\node_modules\egg-core\lib\utils\index.js:44:21)
    at Object.classControllerMiddleware (D:\nodeSenior\lian\egg-img\server\node_modules\egg-core\lib\loader\mixin\controller.js:87:20)
    at Object.callFn (D:\nodeSenior\lian\egg-img\server\node_modules\@eggjs\router\lib\utils.js:12:21)
    at wrappedController (D:\nodeSenior\lian\egg-img\server\node_modules\@eggjs\router\lib\egg_router.js:322:18)
    at dispatch (D:\nodeSenior\lian\egg-img\server\node_modules\koa-compose\index.js:44:32)
    at next (D:\nodeSenior\lian\egg-img\server\node_modules\koa-compose\index.js:45:18)
errno: -4058
syscall: "open"
code: "ENOENT"
path: "D:\\nodeSenior\\lian\\egg-img\\server\\app\\public\\avater\\7.jpg"
name: "ENOENTError"
pid: 222472
hostname: LAPTOP-6F0LUR3I

2019-08-15 15:40:46,031 ERROR 222632 nodejs.unhandledExceptionError: read ECONNRESET
    at TCP.onStreamRead (internal/stream_base_commons.js:111:27)
errno: "ECONNRESET"
code: "ECONNRESET"
syscall: "read"
name: "unhandledExceptionError"
pid: 222632
hostname: LAPTOP-6F0LUR3I

2019-08-15 15:41:18,436 ERROR 224208 [-/127.0.0.1/-/45ms POST /user/imgFn] nodejs.ENOENTError: ENOENT: no such file or directory, open 'D:\nodeSenior\lian\egg-img\server\app\public\avater\7.jpg'
    at Object.openSync (fs.js:443:3)
    at Object.writeFileSync (fs.js:1194:35)
    at saveater (D:\nodeSenior\lian\egg-img\server\app\controller\user.js:6:6)
    at UserController.imgFn (D:\nodeSenior\lian\egg-img\server\app\controller\user.js:20:5)
    at Object.callFn (D:\nodeSenior\lian\egg-img\server\node_modules\egg-core\lib\utils\index.js:44:21)
    at Object.classControllerMiddleware (D:\nodeSenior\lian\egg-img\server\node_modules\egg-core\lib\loader\mixin\controller.js:87:20)
    at Object.callFn (D:\nodeSenior\lian\egg-img\server\node_modules\@eggjs\router\lib\utils.js:12:21)
    at wrappedController (D:\nodeSenior\lian\egg-img\server\node_modules\@eggjs\router\lib\egg_router.js:322:18)
    at dispatch (D:\nodeSenior\lian\egg-img\server\node_modules\koa-compose\index.js:44:32)
    at next (D:\nodeSenior\lian\egg-img\server\node_modules\koa-compose\index.js:45:18)
errno: -4058
syscall: "open"
code: "ENOENT"
path: "D:\\nodeSenior\\lian\\egg-img\\server\\app\\public\\avater\\7.jpg"
name: "ENOENTError"
pid: 224208
hostname: LAPTOP-6F0LUR3I

2019-08-15 19:34:49,573 ERROR 224132 nodejs.ClusterClientNoResponseError: client no response in 2406436ms exceeding maxIdleTime 60000ms, maybe the connection is close on other side.
    at Timeout.Leader._heartbeatTimer.setInterval [as _onTimeout] (D:\nodeSenior\lian\egg-img\server\node_modules\cluster-client\lib\leader.js:77:23)
    at ontimeout (timers.js:436:11)
    at tryOnTimeout (timers.js:300:5)
    at listOnTimeout (timers.js:263:5)
    at Timer.processTimers (timers.js:223:10)
name: "ClusterClientNoResponseError"
pid: 224132
hostname: LAPTOP-6F0LUR3I

2019-08-16 00:22:53,649 ERROR 166380 [-/127.0.0.1/-/41ms POST /user/imgFn] nodejs.ENOENTError: ENOENT: no such file or directory, open 'D:\nodeSenior\lian\egg-img\server\app\public\avater\7.jpg'
    at Object.openSync (fs.js:443:3)
    at Object.writeFileSync (fs.js:1194:35)
    at saveater (D:\nodeSenior\lian\egg-img\server\app\controller\user.js:6:6)
    at UserController.imgFn (D:\nodeSenior\lian\egg-img\server\app\controller\user.js:20:5)
    at Object.callFn (D:\nodeSenior\lian\egg-img\server\node_modules\egg-core\lib\utils\index.js:44:21)
    at Object.classControllerMiddleware (D:\nodeSenior\lian\egg-img\server\node_modules\egg-core\lib\loader\mixin\controller.js:87:20)
    at Object.callFn (D:\nodeSenior\lian\egg-img\server\node_modules\@eggjs\router\lib\utils.js:12:21)
    at wrappedController (D:\nodeSenior\lian\egg-img\server\node_modules\@eggjs\router\lib\egg_router.js:322:18)
    at dispatch (D:\nodeSenior\lian\egg-img\server\node_modules\koa-compose\index.js:44:32)
    at next (D:\nodeSenior\lian\egg-img\server\node_modules\koa-compose\index.js:45:18)
errno: -4058
syscall: "open"
code: "ENOENT"
path: "D:\\nodeSenior\\lian\\egg-img\\server\\app\\public\\avater\\7.jpg"
name: "ENOENTError"
pid: 166380
hostname: LAPTOP-6F0LUR3I

2019-08-16 00:23:32,801 ERROR 166380 [-/127.0.0.1/-/21ms POST /user/imgFn] nodejs.ENOENTError: ENOENT: no such file or directory, open 'D:\nodeSenior\lian\egg-img\server\app\public\avater\7.jpg'
    at Object.openSync (fs.js:443:3)
    at Object.writeFileSync (fs.js:1194:35)
    at saveater (D:\nodeSenior\lian\egg-img\server\app\controller\user.js:6:6)
    at UserController.imgFn (D:\nodeSenior\lian\egg-img\server\app\controller\user.js:20:5)
    at Object.callFn (D:\nodeSenior\lian\egg-img\server\node_modules\egg-core\lib\utils\index.js:44:21)
    at Object.classControllerMiddleware (D:\nodeSenior\lian\egg-img\server\node_modules\egg-core\lib\loader\mixin\controller.js:87:20)
    at Object.callFn (D:\nodeSenior\lian\egg-img\server\node_modules\@eggjs\router\lib\utils.js:12:21)
    at wrappedController (D:\nodeSenior\lian\egg-img\server\node_modules\@eggjs\router\lib\egg_router.js:322:18)
    at dispatch (D:\nodeSenior\lian\egg-img\server\node_modules\koa-compose\index.js:44:32)
    at next (D:\nodeSenior\lian\egg-img\server\node_modules\koa-compose\index.js:45:18)
errno: -4058
syscall: "open"
code: "ENOENT"
path: "D:\\nodeSenior\\lian\\egg-img\\server\\app\\public\\avater\\7.jpg"
name: "ENOENTError"
pid: 166380
hostname: LAPTOP-6F0LUR3I

