2019-08-15 00:49:18,125 ERROR 15796 [-/127.0.0.1/-/5ms POST /user/upload] nodejs.TypeError: Cannot read property '0' of undefined
    at UserController.imgFn (D:\nodeSenior\lian\egg-img\server\app\controller\user.js:5:39)
    at Object.callFn (D:\nodeSenior\lian\egg-img\server\node_modules\egg-core\lib\utils\index.js:44:21)
    at Object.classControllerMiddleware (D:\nodeSenior\lian\egg-img\server\node_modules\egg-core\lib\loader\mixin\controller.js:87:20)
    at Object.callFn (D:\nodeSenior\lian\egg-img\server\node_modules\@eggjs\router\lib\utils.js:12:21)
    at wrappedController (D:\nodeSenior\lian\egg-img\server\node_modules\@eggjs\router\lib\egg_router.js:322:18)
    at dispatch (D:\nodeSenior\lian\egg-img\server\node_modules\koa-compose\index.js:44:32)
    at next (D:\nodeSenior\lian\egg-img\server\node_modules\koa-compose\index.js:45:18)
    at D:\nodeSenior\lian\egg-img\server\node_modules\@eggjs\router\lib\router.js:190:18
    at dispatch (D:\nodeSenior\lian\egg-img\server\node_modules\koa-compose\index.js:44:32)
    at D:\nodeSenior\lian\egg-img\server\node_modules\koa-compose\index.js:36:12

pid: 15796
hostname: LAPTOP-6F0LUR3I

2019-08-15 00:49:47,625 ERROR 20156 [-/127.0.0.1/-/41ms POST /user/upload] nodejs.TypeError: Cannot read property '0' of undefined
    at UserController.imgFn (D:\nodeSenior\lian\egg-img\server\app\controller\user.js:5:40)
    at Object.callFn (D:\nodeSenior\lian\egg-img\server\node_modules\egg-core\lib\utils\index.js:44:21)
    at Object.classControllerMiddleware (D:\nodeSenior\lian\egg-img\server\node_modules\egg-core\lib\loader\mixin\controller.js:87:20)
    at Object.callFn (D:\nodeSenior\lian\egg-img\server\node_modules\@eggjs\router\lib\utils.js:12:21)
    at wrappedController (D:\nodeSenior\lian\egg-img\server\node_modules\@eggjs\router\lib\egg_router.js:322:18)
    at dispatch (D:\nodeSenior\lian\egg-img\server\node_modules\koa-compose\index.js:44:32)
    at next (D:\nodeSenior\lian\egg-img\server\node_modules\koa-compose\index.js:45:18)
    at D:\nodeSenior\lian\egg-img\server\node_modules\@eggjs\router\lib\router.js:190:18
    at dispatch (D:\nodeSenior\lian\egg-img\server\node_modules\koa-compose\index.js:44:32)
    at D:\nodeSenior\lian\egg-img\server\node_modules\koa-compose\index.js:36:12

pid: 20156
hostname: LAPTOP-6F0LUR3I

2019-08-15 00:50:19,516 ERROR 18516 [-/127.0.0.1/-/34ms POST /user/upload] nodejs.TypeError: Cannot read property '0' of undefined
    at UserController.imgFn (D:\nodeSenior\lian\egg-img\server\app\controller\user.js:5:40)
    at Object.callFn (D:\nodeSenior\lian\egg-img\server\node_modules\egg-core\lib\utils\index.js:44:21)
    at Object.classControllerMiddleware (D:\nodeSenior\lian\egg-img\server\node_modules\egg-core\lib\loader\mixin\controller.js:87:20)
    at Object.callFn (D:\nodeSenior\lian\egg-img\server\node_modules\@eggjs\router\lib\utils.js:12:21)
    at wrappedController (D:\nodeSenior\lian\egg-img\server\node_modules\@eggjs\router\lib\egg_router.js:322:18)
    at dispatch (D:\nodeSenior\lian\egg-img\server\node_modules\koa-compose\index.js:44:32)
    at next (D:\nodeSenior\lian\egg-img\server\node_modules\koa-compose\index.js:45:18)
    at D:\nodeSenior\lian\egg-img\server\node_modules\@eggjs\router\lib\router.js:190:18
    at dispatch (D:\nodeSenior\lian\egg-img\server\node_modules\koa-compose\index.js:44:32)
    at D:\nodeSenior\lian\egg-img\server\node_modules\koa-compose\index.js:36:12

pid: 18516
hostname: LAPTOP-6F0LUR3I

2019-08-15 15:32:56,941 ERROR 214068 [-/127.0.0.1/-/32ms POST /user/imgFn] nodejs.TypeError: Cannot read property '0' of undefined
    at UserController.imgFn (D:\nodeSenior\lian\egg-img\server\app\controller\user.js:10:39)
    at Object.callFn (D:\nodeSenior\lian\egg-img\server\node_modules\egg-core\lib\utils\index.js:44:21)
    at Object.classControllerMiddleware (D:\nodeSenior\lian\egg-img\server\node_modules\egg-core\lib\loader\mixin\controller.js:87:20)
    at Object.callFn (D:\nodeSenior\lian\egg-img\server\node_modules\@eggjs\router\lib\utils.js:12:21)
    at wrappedController (D:\nodeSenior\lian\egg-img\server\node_modules\@eggjs\router\lib\egg_router.js:322:18)
    at dispatch (D:\nodeSenior\lian\egg-img\server\node_modules\koa-compose\index.js:44:32)
    at next (D:\nodeSenior\lian\egg-img\server\node_modules\koa-compose\index.js:45:18)
    at D:\nodeSenior\lian\egg-img\server\node_modules\@eggjs\router\lib\router.js:190:18
    at dispatch (D:\nodeSenior\lian\egg-img\server\node_modules\koa-compose\index.js:44:32)
    at D:\nodeSenior\lian\egg-img\server\node_modules\koa-compose\index.js:36:12

pid: 214068
hostname: LAPTOP-6F0LUR3I

2019-08-15 15:33:20,440 ERROR 214068 [-/127.0.0.1/-/37ms POST /user/imgFn] nodejs.TypeError [ERR_INVALID_ARG_VALUE]: The argument 'path' must be a string or Uint8Array without null bytes. Received <Buffer ff d8 ff e0 00 10 4a 46 49 46 00 01 01 01 00 48 00 48 00 00 ff e1 00 22 45 78 69 66 00 00 4d 4d 00 2a 00 00 00 08 00 01 ...
    at Object.openSync (fs.js:435:3)
    at Object.writeFileSync (fs.js:1194:35)
    at saveater (D:\nodeSenior\lian\egg-img\server\app\controller\user.js:6:6)
    at UserController.imgFn (D:\nodeSenior\lian\egg-img\server\app\controller\user.js:14:5)
    at Object.callFn (D:\nodeSenior\lian\egg-img\server\node_modules\egg-core\lib\utils\index.js:44:21)
    at Object.classControllerMiddleware (D:\nodeSenior\lian\egg-img\server\node_modules\egg-core\lib\loader\mixin\controller.js:87:20)
    at Object.callFn (D:\nodeSenior\lian\egg-img\server\node_modules\@eggjs\router\lib\utils.js:12:21)
    at wrappedController (D:\nodeSenior\lian\egg-img\server\node_modules\@eggjs\router\lib\egg_router.js:322:18)
    at dispatch (D:\nodeSenior\lian\egg-img\server\node_modules\koa-compose\index.js:44:32)
    at next (D:\nodeSenior\lian\egg-img\server\node_modules\koa-compose\index.js:45:18)

pid: 214068
hostname: LAPTOP-6F0LUR3I

2019-08-15 15:35:32,111 ERROR 218568 [-/127.0.0.1/-/53ms POST /user/imgFn] nodejs.TypeError [ERR_INVALID_ARG_VALUE]: The argument 'path' must be a string or Uint8Array without null bytes. Received <Buffer ff d8 ff e0 00 10 4a 46 49 46 00 01 01 01 00 48 00 48 00 00 ff e1 00 22 45 78 69 66 00 00 4d 4d 00 2a 00 00 00 08 00 01 ...
    at Object.openSync (fs.js:435:3)
    at Object.writeFileSync (fs.js:1194:35)
    at saveater (D:\nodeSenior\lian\egg-img\server\app\controller\user.js:6:6)
    at UserController.imgFn (D:\nodeSenior\lian\egg-img\server\app\controller\user.js:15:5)
    at Object.callFn (D:\nodeSenior\lian\egg-img\server\node_modules\egg-core\lib\utils\index.js:44:21)
    at Object.classControllerMiddleware (D:\nodeSenior\lian\egg-img\server\node_modules\egg-core\lib\loader\mixin\controller.js:87:20)
    at Object.callFn (D:\nodeSenior\lian\egg-img\server\node_modules\@eggjs\router\lib\utils.js:12:21)
    at wrappedController (D:\nodeSenior\lian\egg-img\server\node_modules\@eggjs\router\lib\egg_router.js:322:18)
    at dispatch (D:\nodeSenior\lian\egg-img\server\node_modules\koa-compose\index.js:44:32)
    at next (D:\nodeSenior\lian\egg-img\server\node_modules\koa-compose\index.js:45:18)

pid: 218568
hostname: LAPTOP-6F0LUR3I

2019-08-15 15:39:37,543 ERROR 222472 [-/127.0.0.1/-/32ms POST /user/imgFn] nodejs.ENOENTError: ENOENT: no such file or directory, open 'D:\nodeSenior\lian\egg-img\server\app\public\avater\7.jpg'
    at Object.openSync (fs.js:443:3)
    at Object.writeFileSync (fs.js:1194:35)
    at saveater (D:\nodeSenior\lian\egg-img\server\app\controller\user.js:6:6)
    at UserController.imgFn (D:\nodeSenior\lian\egg-img\server\app\controller\user.js:19:5)
    at Object.callFn (D:\nodeSenior\lian\egg-img\server\node_modules\egg-core\lib\utils\index.js:44:21)
    at Object.classControllerMiddleware (D:\nodeSenior\lian\egg-img\server\node_modules\egg-core\lib\loader\mixin\controller.js:87:20)
    at Object.callFn (D:\nodeSenior\lian\egg-img\server\node_modules\@eggjs\router\lib\utils.js:12:21)
    at wrappedController (D:\nodeSenior\lian\egg-img\server\node_modules\@eggjs\router\lib\egg_router.js:322:18)
    at dispatch (D:\nodeSenior\lian\egg-img\server\node_modules\koa-compose\index.js:44:32)
    at next (D:\nodeSenior\lian\egg-img\server\node_modules\koa-compose\index.js:45:18)
errno: -4058
syscall: "open"
code: "ENOENT"
path: "D:\\nodeSenior\\lian\\egg-img\\server\\app\\public\\avater\\7.jpg"
name: "ENOENTError"
pid: 222472
hostname: LAPTOP-6F0LUR3I

2019-08-15 15:41:18,438 ERROR 224208 [-/127.0.0.1/-/45ms POST /user/imgFn] nodejs.ENOENTError: ENOENT: no such file or directory, open 'D:\nodeSenior\lian\egg-img\server\app\public\avater\7.jpg'
    at Object.openSync (fs.js:443:3)
    at Object.writeFileSync (fs.js:1194:35)
    at saveater (D:\nodeSenior\lian\egg-img\server\app\controller\user.js:6:6)
    at UserController.imgFn (D:\nodeSenior\lian\egg-img\server\app\controller\user.js:20:5)
    at Object.callFn (D:\nodeSenior\lian\egg-img\server\node_modules\egg-core\lib\utils\index.js:44:21)
    at Object.classControllerMiddleware (D:\nodeSenior\lian\egg-img\server\node_modules\egg-core\lib\loader\mixin\controller.js:87:20)
    at Object.callFn (D:\nodeSenior\lian\egg-img\server\node_modules\@eggjs\router\lib\utils.js:12:21)
    at wrappedController (D:\nodeSenior\lian\egg-img\server\node_modules\@eggjs\router\lib\egg_router.js:322:18)
    at dispatch (D:\nodeSenior\lian\egg-img\server\node_modules\koa-compose\index.js:44:32)
    at next (D:\nodeSenior\lian\egg-img\server\node_modules\koa-compose\index.js:45:18)
errno: -4058
syscall: "open"
code: "ENOENT"
path: "D:\\nodeSenior\\lian\\egg-img\\server\\app\\public\\avater\\7.jpg"
name: "ENOENTError"
pid: 224208
hostname: LAPTOP-6F0LUR3I

2019-08-16 00:22:53,658 ERROR 166380 [-/127.0.0.1/-/41ms POST /user/imgFn] nodejs.ENOENTError: ENOENT: no such file or directory, open 'D:\nodeSenior\lian\egg-img\server\app\public\avater\7.jpg'
    at Object.openSync (fs.js:443:3)
    at Object.writeFileSync (fs.js:1194:35)
    at saveater (D:\nodeSenior\lian\egg-img\server\app\controller\user.js:6:6)
    at UserController.imgFn (D:\nodeSenior\lian\egg-img\server\app\controller\user.js:20:5)
    at Object.callFn (D:\nodeSenior\lian\egg-img\server\node_modules\egg-core\lib\utils\index.js:44:21)
    at Object.classControllerMiddleware (D:\nodeSenior\lian\egg-img\server\node_modules\egg-core\lib\loader\mixin\controller.js:87:20)
    at Object.callFn (D:\nodeSenior\lian\egg-img\server\node_modules\@eggjs\router\lib\utils.js:12:21)
    at wrappedController (D:\nodeSenior\lian\egg-img\server\node_modules\@eggjs\router\lib\egg_router.js:322:18)
    at dispatch (D:\nodeSenior\lian\egg-img\server\node_modules\koa-compose\index.js:44:32)
    at next (D:\nodeSenior\lian\egg-img\server\node_modules\koa-compose\index.js:45:18)
errno: -4058
syscall: "open"
code: "ENOENT"
path: "D:\\nodeSenior\\lian\\egg-img\\server\\app\\public\\avater\\7.jpg"
name: "ENOENTError"
pid: 166380
hostname: LAPTOP-6F0LUR3I

2019-08-16 00:23:32,810 ERROR 166380 [-/127.0.0.1/-/21ms POST /user/imgFn] nodejs.ENOENTError: ENOENT: no such file or directory, open 'D:\nodeSenior\lian\egg-img\server\app\public\avater\7.jpg'
    at Object.openSync (fs.js:443:3)
    at Object.writeFileSync (fs.js:1194:35)
    at saveater (D:\nodeSenior\lian\egg-img\server\app\controller\user.js:6:6)
    at UserController.imgFn (D:\nodeSenior\lian\egg-img\server\app\controller\user.js:20:5)
    at Object.callFn (D:\nodeSenior\lian\egg-img\server\node_modules\egg-core\lib\utils\index.js:44:21)
    at Object.classControllerMiddleware (D:\nodeSenior\lian\egg-img\server\node_modules\egg-core\lib\loader\mixin\controller.js:87:20)
    at Object.callFn (D:\nodeSenior\lian\egg-img\server\node_modules\@eggjs\router\lib\utils.js:12:21)
    at wrappedController (D:\nodeSenior\lian\egg-img\server\node_modules\@eggjs\router\lib\egg_router.js:322:18)
    at dispatch (D:\nodeSenior\lian\egg-img\server\node_modules\koa-compose\index.js:44:32)
    at next (D:\nodeSenior\lian\egg-img\server\node_modules\koa-compose\index.js:45:18)
errno: -4058
syscall: "open"
code: "ENOENT"
path: "D:\\nodeSenior\\lian\\egg-img\\server\\app\\public\\avater\\7.jpg"
name: "ENOENTError"
pid: 166380
hostname: LAPTOP-6F0LUR3I

